[2012-08-17 18:47:30] START
[2012-08-17 18:49:06] CREATE db_alumnos.py: 0
[2012-08-17 18:57:27] EDIT nn/models/db_alumnos.py: 16
[2012-08-17 19:14:04] EDIT nn/models/db_alumnos.py: 22
[2012-08-17 19:17:18] EDIT nn/models/db_alumnos.py: 6
[2012-08-17 19:20:35] EDIT nn/models/db_alumnos.py: 10
[2012-08-17 19:21:41] EDIT nn/models/db_alumnos.py: 1
[2012-08-17 19:21:59] EDIT nn/models/db_alumnos.py: 0
[2012-08-17 19:23:46] EDIT nn/models/db_alumnos.py: 3
[2012-08-17 19:25:25] EDIT nn/models/db_alumnos.py: 1
[2012-08-17 19:27:15] EDIT nn/models/db_alumnos.py: 2
[2012-08-17 19:27:48] CREATE alumnos.py: 0
[2012-08-17 19:30:15] CREATE inscripcion.py: 0
[2012-08-17 19:35:24] EDIT nn/controllers/inscripcion.py: 21
[2012-08-17 19:35:30] EDIT nn/controllers/inscripcion.py: 0
[2012-08-17 19:36:16] EDIT nn/controllers/inscripcion.py: 0
[2012-08-17 19:36:45] EDIT nn/controllers/inscripcion.py: -1
[2012-08-17 19:39:13] EDIT nn/models/db_alumnos.py: 2
[2012-08-17 19:39:28] EDIT nn/models/db_alumnos.py: 0
[2012-08-17 19:47:05] EDIT nn/controllers/inscripcion.py: 12
[2012-08-17 19:48:12] EDIT nn/models/db_alumnos.py: 0
[2012-08-17 19:48:58] EDIT nn/controllers/inscripcion.py: 0
[2012-08-17 19:51:13] EDIT nn/controllers/inscripcion.py: 1
[2012-08-17 19:53:55] EDIT nn/controllers/inscripcion.py: 2
[2012-08-17 19:54:29] EDIT nn/controllers/inscripcion.py: 0
[2012-08-17 19:55:23] EDIT nn/controllers/inscripcion.py: 1
[2012-08-17 19:56:56] EDIT nn/controllers/inscripcion.py: 5
[2012-08-17 19:57:46] EDIT nn/controllers/inscripcion.py: 7
[2012-08-17 19:59:14] EDIT nn/controllers/inscripcion.py: -1
[2012-08-17 20:01:07] EDIT nn/controllers/inscripcion.py: 0
[2012-08-17 20:02:04] EDIT nn/controllers/inscripcion.py: 1
[2012-08-17 20:04:25] EDIT nn/controllers/inscripcion.py: 0
[2012-08-17 20:15:09] EDIT nn/controllers/inscripcion.py: 4
[2012-08-17 20:17:09] EDIT nn/controllers/inscripcion.py: 1
[2012-08-17 20:17:52] EDIT nn/controllers/inscripcion.py: 1
[2012-08-17 20:20:15] EDIT nn/controllers/inscripcion.py: 0
[2012-08-17 20:23:00] EDIT nn/controllers/inscripcion.py: 7
[2012-08-17 20:23:32] EDIT nn/controllers/inscripcion.py: 0
[2012-08-17 20:26:42] EDIT nn/controllers/inscripcion.py: 1
[2012-08-17 20:58:21] CREATE prueba.py: 0
[2012-08-17 21:01:13] EDIT nn/controllers/prueba.py: 8
[2012-08-17 21:02:22] EDIT nn/controllers/prueba.py: 0
[2012-08-17 21:03:06] EDIT nn/controllers/prueba.py: 1
[2012-08-17 21:04:27] EDIT nn/controllers/prueba.py: 1
[2012-08-17 21:04:55] EDIT nn/controllers/prueba.py: 3
[2012-08-17 21:07:05] EDIT nn/controllers/prueba.py: 0
[2012-08-17 21:10:16] EDIT nn/controllers/inscripcion.py: -1
[2012-08-17 21:10:29] EDIT nn/controllers/inscripcion.py: -1
[2012-08-17 21:11:57] EDIT nn/controllers/inscripcion.py: -1
[2012-08-17 21:13:22] EDIT nn/controllers/inscripcion.py: 0
[2012-08-17 21:16:26] EDIT nn/controllers/inscripcion.py: 32
[2012-08-17 21:16:32] EDIT nn/controllers/inscripcion.py: 0
[2012-08-17 21:19:01] EDIT nn/models/db_alumnos.py: 1
[2012-08-17 21:26:30] EDIT nn/controllers/matriculacion.py: 42
[2012-08-17 21:27:14] EDIT nn/controllers/matriculacion.py: 0
[2012-08-17 21:28:07] EDIT nn/controllers/matriculacion.py: 0
[2012-08-17 21:29:25] EDIT nn/controllers/matriculacion.py: 7
[2012-08-17 21:29:55] EDIT nn/controllers/matriculacion.py: 1
[2012-08-17 21:30:39] EDIT nn/controllers/matriculacion.py: 0
[2012-08-17 21:31:20] EDIT nn/controllers/matriculacion.py: 0
[2012-08-17 21:48:13] CREATE db_docentes.py: 0
[2012-08-17 21:49:06] EDIT nn/models/db_docentes.py: 7
[2012-08-17 21:49:56] CREATE db_estudios.py: 0
[2012-08-17 21:54:37] EDIT nn/models/db_estudios.py: 19
[2012-08-17 21:58:59] EDIT nn/models/db_estudios.py: 14
[2012-08-17 22:06:19] EDIT nn/models/db_estudios.py: 21
[2012-08-17 22:07:38] EDIT nn/models/db_estudios.py: 1
[2012-08-17 22:10:38] EDIT nn/models/db_estudios.py: 6
[2012-08-17 22:11:56] EDIT nn/models/db_estudios.py: 3
[2012-08-17 22:12:37] EDIT nn/models/db_estudios.py: 0
